<?xml version="1.0" encoding="UTF-8"?>
<!-- Generated by org.testng.reporters.JUnitReportReporter -->
<testsuite hostname="dac-13" failures="0" tests="1" name="com.cdac.acts.AppTest" time="2.759" errors="0" timestamp="2024-12-22T09:35:46 IST" skipped="0">
  <testcase classname="com.cdac.acts.AppTest" name="inputValidation" time="2.759"/>
</testsuite> <!-- com.cdac.acts.AppTest -->
